[roslaunch][INFO] 2017-04-16 11:30:50,517: Checking log directory for disk usage. This may take awhile.
Press Ctrl-C to interrupt
[roslaunch][INFO] 2017-04-16 11:30:50,525: Done checking log file disk usage. Usage is <1GB.
[roslaunch][INFO] 2017-04-16 11:30:50,525: roslaunch starting with args ['/opt/ros/kinetic/bin/roslaunch', 'moveit_setup_assistant', 'setup_assistant.launch']
[roslaunch][INFO] 2017-04-16 11:30:50,525: roslaunch env is {'GLADE_PIXMAP_PATH': ':', 'ROS_LOG_FILENAME': '/home/machinekit/.ros/log/612db538-2287-11e7-a053-001f2900ec6f/roslaunch-xw6600-5908.log', 'XDG_GREETER_DATA_DIR': '/var/lib/lightdm/data/machinekit', 'PKG_CONFIG_PATH': '/home/machinekit/catkin_ws/devel/lib/pkgconfig:/opt/ros/kinetic/lib/pkgconfig', 'XDG_RUNTIME_DIR': '/run/user/1000', 'XDG_CURRENT_DESKTOP': 'XFCE', 'LINUXCNC_EMCSH': '/usr/bin/wish8.6', 'ROSLISP_PACKAGE_DIRECTORIES': '/home/machinekit/catkin_ws/devel/share/common-lisp', 'LOGNAME': 'machinekit', 'USER': 'machinekit', 'HOME': '/home/machinekit', 'XDG_VTNR': '7', 'PATH': '/opt/ros/kinetic/bin:/home/machinekit/machinekit/bin:/home/machinekit/machinekit/libexec:/home/machinekit/machinekit/scripts:/home/machinekit/machinekit/tcl:/usr/local/bin:/usr/bin:/bin:/usr/local/games:/usr/games', 'CMAKE_PREFIX_PATH': '/home/machinekit/catkin_ws/devel:/opt/ros/kinetic', 'LD_LIBRARY_PATH': '/home/machinekit/catkin_ws/devel/lib:/opt/ros/kinetic/lib:/home/machinekit/machinekit/lib', 'SSH_AGENT_PID': '1072', 'LANG': 'en_US.utf8', 'TERM': 'xterm', 'SHELL': '/bin/bash', 'XDG_SESSION_PATH': '/org/freedesktop/DisplayManager/Session0', 'XAUTHORITY': '/home/machinekit/.Xauthority', 'LANGUAGE': 'en_US:en', 'SESSION_MANAGER': 'local/xw6600:@/tmp/.ICE-unix/1086,unix/xw6600:/tmp/.ICE-unix/1086', 'SHLVL': '1', 'ROS_DISTRO': 'kinetic', 'RIP': 'yes', 'DISPLAY': ':0.0', 'WINDOWID': '60820286', 'MANPATH': '/home/machinekit/machinekit/man:/home/machinekit/machinekit/man:/usr/local/man:/usr/local/share/man:/usr/share/man:/usr/man', 'TCLLIBPATH': '/home/machinekit/machinekit/tcl', 'GPG_AGENT_INFO': '/tmp/gpg-HJbolZ/S.gpg-agent:1093:1', 'EMC2_HOME': '/home/machinekit/machinekit', 'GLADE_MODULE_PATH': ':', 'ROS_ETC_DIR': '/opt/ros/kinetic/etc/ros', 'PYTHONPATH': '/home/machinekit/catkin_ws/devel/lib/python2.7/dist-packages:/opt/ros/kinetic/lib/python2.7/dist-packages:/home/machinekit/machinekit/lib/python', 'SSH_AUTH_SOCK': '/tmp/ssh-udX9nvIeraiB/agent.1046', 'ROS_ROOT': '/opt/ros/kinetic/share/ros', 'MACHINEKIT_INI': '/home/machinekit/machinekit/etc/linuxcnc/machinekit.ini', 'GLADE_CATALOG_PATH': '/home/machinekit/machinekit/lib/python/gladevcp::', 'XDG_SEAT_PATH': '/org/freedesktop/DisplayManager/Seat0', 'ROS_PACKAGE_PATH': '/home/machinekit/catkin_ws/src:/opt/ros/kinetic/share', 'XDG_SESSION_ID': '1', 'DBUS_SESSION_BUS_ADDRESS': 'unix:abstract=/tmp/dbus-nN708gO1bQ,guid=6bff369b33cd01502392256358f33139', '_': '/opt/ros/kinetic/bin/roslaunch', 'GDMSESSION': 'lightdm-xsession', 'DESKTOP_SESSION': 'lightdm-xsession', 'XDG_CONFIG_DIRS': '/etc/xdg', 'OLDPWD': '/home/machinekit', 'ROS_IP': '192.168.1.11', 'XDG_DATA_DIRS': '/usr/share/xfce4:/usr/local/share/:/usr/share/:/usr/share', 'PWD': '/home/machinekit/catkin_ws/src/matilda_support', 'ROS_MASTER_URI': 'http://192.168.1.11:11311', 'COLORTERM': 'xfce4-terminal', 'EMC2VERSION': '0.1', 'XDG_MENU_PREFIX': 'xfce-', 'LS_COLORS': 'rs=0:di=01;34:ln=01;36:mh=00:pi=40;33:so=01;35:do=01;35:bd=40;33;01:cd=40;33;01:or=40;31;01:su=37;41:sg=30;43:ca=30;41:tw=30;42:ow=34;42:st=37;44:ex=01;32:*.tar=01;31:*.tgz=01;31:*.arc=01;31:*.arj=01;31:*.taz=01;31:*.lha=01;31:*.lz4=01;31:*.lzh=01;31:*.lzma=01;31:*.tlz=01;31:*.txz=01;31:*.tzo=01;31:*.t7z=01;31:*.zip=01;31:*.z=01;31:*.Z=01;31:*.dz=01;31:*.gz=01;31:*.lrz=01;31:*.lz=01;31:*.lzo=01;31:*.xz=01;31:*.bz2=01;31:*.bz=01;31:*.tbz=01;31:*.tbz2=01;31:*.tz=01;31:*.deb=01;31:*.rpm=01;31:*.jar=01;31:*.war=01;31:*.ear=01;31:*.sar=01;31:*.rar=01;31:*.alz=01;31:*.ace=01;31:*.zoo=01;31:*.cpio=01;31:*.7z=01;31:*.rz=01;31:*.cab=01;31:*.jpg=01;35:*.jpeg=01;35:*.gif=01;35:*.bmp=01;35:*.pbm=01;35:*.pgm=01;35:*.ppm=01;35:*.tga=01;35:*.xbm=01;35:*.xpm=01;35:*.tif=01;35:*.tiff=01;35:*.png=01;35:*.svg=01;35:*.svgz=01;35:*.mng=01;35:*.pcx=01;35:*.mov=01;35:*.mpg=01;35:*.mpeg=01;35:*.m2v=01;35:*.mkv=01;35:*.webm=01;35:*.ogm=01;35:*.mp4=01;35:*.m4v=01;35:*.mp4v=01;35:*.vob=01;35:*.qt=01;35:*.nuv=01;35:*.wmv=01;35:*.asf=01;35:*.rm=01;35:*.rmvb=01;35:*.flc=01;35:*.avi=01;35:*.fli=01;35:*.flv=01;35:*.gl=01;35:*.dl=01;35:*.xcf=01;35:*.xwd=01;35:*.yuv=01;35:*.cgm=01;35:*.emf=01;35:*.axv=01;35:*.anx=01;35:*.ogv=01;35:*.ogx=01;35:*.aac=00;36:*.au=00;36:*.flac=00;36:*.m4a=00;36:*.mid=00;36:*.midi=00;36:*.mka=00;36:*.mp3=00;36:*.mpc=00;36:*.ogg=00;36:*.ra=00;36:*.wav=00;36:*.axa=00;36:*.oga=00;36:*.spx=00;36:*.xspf=00;36:', 'XDG_SEAT': 'seat0'}
[roslaunch][INFO] 2017-04-16 11:30:50,526: starting in server mode
[roslaunch.parent][INFO] 2017-04-16 11:30:50,526: starting roslaunch parent run
[roslaunch][INFO] 2017-04-16 11:30:50,526: loading roscore config file /opt/ros/kinetic/etc/ros/roscore.xml
[roslaunch][INFO] 2017-04-16 11:30:50,704: Added core node of type [rosout/rosout] in namespace [/]
[roslaunch.config][INFO] 2017-04-16 11:30:50,704: loading config file /opt/ros/kinetic/share/moveit_setup_assistant/launch/setup_assistant.launch
[roslaunch][INFO] 2017-04-16 11:30:50,708: Added node of type [moveit_setup_assistant/moveit_setup_assistant] in namespace [/]
[roslaunch][INFO] 2017-04-16 11:30:50,708: ... selected machine [] for node of type [moveit_setup_assistant/moveit_setup_assistant]
[roslaunch.pmon][INFO] 2017-04-16 11:30:50,709: start_process_monitor: creating ProcessMonitor
[roslaunch.pmon][INFO] 2017-04-16 11:30:50,710: created process monitor <ProcessMonitor(ProcessMonitor-1, initial daemon)>
[roslaunch.pmon][INFO] 2017-04-16 11:30:50,710: start_process_monitor: ProcessMonitor started
[roslaunch.parent][INFO] 2017-04-16 11:30:50,710: starting parent XML-RPC server
[roslaunch.server][INFO] 2017-04-16 11:30:50,710: starting roslaunch XML-RPC server
[roslaunch.server][INFO] 2017-04-16 11:30:50,711: waiting for roslaunch XML-RPC server to initialize
[xmlrpc][INFO] 2017-04-16 11:30:50,711: XML-RPC server binding to 0.0.0.0:0
[xmlrpc][INFO] 2017-04-16 11:30:50,712: Started XML-RPC server [http://192.168.1.11:56806/]
[xmlrpc][INFO] 2017-04-16 11:30:50,712: xml rpc node: starting XML-RPC server
[roslaunch][INFO] 2017-04-16 11:30:50,723: started roslaunch server http://192.168.1.11:56806/
[roslaunch.parent][INFO] 2017-04-16 11:30:50,724: ... parent XML-RPC server started
[roslaunch][INFO] 2017-04-16 11:30:50,724: master.is_running[http://192.168.1.11:11311]
[roslaunch][INFO] 2017-04-16 11:30:50,725: auto-starting new master
[roslaunch][INFO] 2017-04-16 11:30:50,725: create_master_process: rosmaster, /opt/ros/kinetic/share/ros, 11311, 3, None
[roslaunch][INFO] 2017-04-16 11:30:50,725: process[master]: launching with args [['rosmaster', '--core', '-p', '11311', '-w', '3']]
[roslaunch.pmon][INFO] 2017-04-16 11:30:50,725: ProcessMonitor.register[master]
[roslaunch.pmon][INFO] 2017-04-16 11:30:50,725: ProcessMonitor.register[master] complete
[roslaunch][INFO] 2017-04-16 11:30:50,726: process[master]: starting os process
[roslaunch][INFO] 2017-04-16 11:30:50,726: process[master]: start w/ args [['rosmaster', '--core', '-p', '11311', '-w', '3', '__log:=/home/machinekit/.ros/log/612db538-2287-11e7-a053-001f2900ec6f/master.log']]
[roslaunch][INFO] 2017-04-16 11:30:50,726: process[master]: cwd will be [/home/machinekit/.ros]
[roslaunch][INFO] 2017-04-16 11:30:50,745: process[master]: started with pid [5919]
[roslaunch][INFO] 2017-04-16 11:30:50,746: master.is_running[http://192.168.1.11:11311]
[roslaunch][INFO] 2017-04-16 11:30:50,847: master.is_running[http://192.168.1.11:11311]
[roslaunch][INFO] 2017-04-16 11:30:50,948: master.is_running[http://192.168.1.11:11311]
[roslaunch][INFO] 2017-04-16 11:30:50,950: master.is_running[http://192.168.1.11:11311]
[roslaunch][INFO] 2017-04-16 11:30:50,951: ROS_MASTER_URI=http://192.168.1.11:11311
[roslaunch][INFO] 2017-04-16 11:30:50,953: setting /run_id to 612db538-2287-11e7-a053-001f2900ec6f
[roslaunch][INFO] 2017-04-16 11:30:50,955: setting /roslaunch/uris/host_192_168_1_11__56806' to http://192.168.1.11:56806/
[roslaunch][INFO] 2017-04-16 11:30:50,958: ... preparing to launch node of type [rosout/rosout]
[roslaunch][INFO] 2017-04-16 11:30:50,958: create_node_process: package[rosout] type[rosout] machine[Machine(name[] env_loader[None] address[localhost] ssh_port[22] user[None] assignable[True] timeout[10.0])] master_uri[http://192.168.1.11:11311]
[roslaunch][INFO] 2017-04-16 11:30:50,958: process[rosout-1]: env[{'WINDOWID': '60820286', 'GLADE_PIXMAP_PATH': ':', 'XDG_GREETER_DATA_DIR': '/var/lib/lightdm/data/machinekit', 'XDG_CURRENT_DESKTOP': 'XFCE', 'XDG_SEAT_PATH': '/org/freedesktop/DisplayManager/Seat0', 'ROSLISP_PACKAGE_DIRECTORIES': '/home/machinekit/catkin_ws/devel/share/common-lisp', 'LOGNAME': 'machinekit', 'USER': 'machinekit', 'HOME': '/home/machinekit', 'XDG_VTNR': '7', 'PATH': '/opt/ros/kinetic/bin:/home/machinekit/machinekit/bin:/home/machinekit/machinekit/libexec:/home/machinekit/machinekit/scripts:/home/machinekit/machinekit/tcl:/usr/local/bin:/usr/bin:/bin:/usr/local/games:/usr/games', 'CMAKE_PREFIX_PATH': '/home/machinekit/catkin_ws/devel:/opt/ros/kinetic', 'LD_LIBRARY_PATH': '/home/machinekit/catkin_ws/devel/lib:/opt/ros/kinetic/lib:/home/machinekit/machinekit/lib', 'SSH_AGENT_PID': '1072', 'LANG': 'en_US.utf8', 'GLADE_CATALOG_PATH': '/home/machinekit/machinekit/lib/python/gladevcp::', 'TERM': 'xterm', 'SHELL': '/bin/bash', 'XDG_SESSION_PATH': '/org/freedesktop/DisplayManager/Session0', 'XAUTHORITY': '/home/machinekit/.Xauthority', 'LANGUAGE': 'en_US:en', 'SESSION_MANAGER': 'local/xw6600:@/tmp/.ICE-unix/1086,unix/xw6600:/tmp/.ICE-unix/1086', 'SHLVL': '1', 'ROS_DISTRO': 'kinetic', 'RIP': 'yes', 'ROS_LOG_FILENAME': '/home/machinekit/.ros/log/612db538-2287-11e7-a053-001f2900ec6f/roslaunch-xw6600-5908.log', 'LINUXCNC_EMCSH': '/usr/bin/wish8.6', 'MANPATH': '/home/machinekit/machinekit/man:/home/machinekit/machinekit/man:/usr/local/man:/usr/local/share/man:/usr/share/man:/usr/man', 'TCLLIBPATH': '/home/machinekit/machinekit/tcl', 'GPG_AGENT_INFO': '/tmp/gpg-HJbolZ/S.gpg-agent:1093:1', 'EMC2_HOME': '/home/machinekit/machinekit', 'XDG_RUNTIME_DIR': '/run/user/1000', 'PYTHONPATH': '/home/machinekit/catkin_ws/devel/lib/python2.7/dist-packages:/opt/ros/kinetic/lib/python2.7/dist-packages:/home/machinekit/machinekit/lib/python', 'SSH_AUTH_SOCK': '/tmp/ssh-udX9nvIeraiB/agent.1046', 'ROS_ROOT': '/opt/ros/kinetic/share/ros', 'MACHINEKIT_INI': '/home/machinekit/machinekit/etc/linuxcnc/machinekit.ini', 'GLADE_MODULE_PATH': ':', 'PKG_CONFIG_PATH': '/home/machinekit/catkin_ws/devel/lib/pkgconfig:/opt/ros/kinetic/lib/pkgconfig', 'ROS_PACKAGE_PATH': '/home/machinekit/catkin_ws/src:/opt/ros/kinetic/share', 'XDG_SESSION_ID': '1', 'DBUS_SESSION_BUS_ADDRESS': 'unix:abstract=/tmp/dbus-nN708gO1bQ,guid=6bff369b33cd01502392256358f33139', '_': '/opt/ros/kinetic/bin/roslaunch', 'GDMSESSION': 'lightdm-xsession', 'DESKTOP_SESSION': 'lightdm-xsession', 'DISPLAY': ':0.0', 'XDG_CONFIG_DIRS': '/etc/xdg', 'OLDPWD': '/home/machinekit', 'ROS_IP': '192.168.1.11', 'XDG_DATA_DIRS': '/usr/share/xfce4:/usr/local/share/:/usr/share/:/usr/share', 'PWD': '/home/machinekit/catkin_ws/src/matilda_support', 'ROS_ETC_DIR': '/opt/ros/kinetic/etc/ros', 'ROS_MASTER_URI': 'http://192.168.1.11:11311', 'COLORTERM': 'xfce4-terminal', 'EMC2VERSION': '0.1', 'XDG_MENU_PREFIX': 'xfce-', 'LS_COLORS': 'rs=0:di=01;34:ln=01;36:mh=00:pi=40;33:so=01;35:do=01;35:bd=40;33;01:cd=40;33;01:or=40;31;01:su=37;41:sg=30;43:ca=30;41:tw=30;42:ow=34;42:st=37;44:ex=01;32:*.tar=01;31:*.tgz=01;31:*.arc=01;31:*.arj=01;31:*.taz=01;31:*.lha=01;31:*.lz4=01;31:*.lzh=01;31:*.lzma=01;31:*.tlz=01;31:*.txz=01;31:*.tzo=01;31:*.t7z=01;31:*.zip=01;31:*.z=01;31:*.Z=01;31:*.dz=01;31:*.gz=01;31:*.lrz=01;31:*.lz=01;31:*.lzo=01;31:*.xz=01;31:*.bz2=01;31:*.bz=01;31:*.tbz=01;31:*.tbz2=01;31:*.tz=01;31:*.deb=01;31:*.rpm=01;31:*.jar=01;31:*.war=01;31:*.ear=01;31:*.sar=01;31:*.rar=01;31:*.alz=01;31:*.ace=01;31:*.zoo=01;31:*.cpio=01;31:*.7z=01;31:*.rz=01;31:*.cab=01;31:*.jpg=01;35:*.jpeg=01;35:*.gif=01;35:*.bmp=01;35:*.pbm=01;35:*.pgm=01;35:*.ppm=01;35:*.tga=01;35:*.xbm=01;35:*.xpm=01;35:*.tif=01;35:*.tiff=01;35:*.png=01;35:*.svg=01;35:*.svgz=01;35:*.mng=01;35:*.pcx=01;35:*.mov=01;35:*.mpg=01;35:*.mpeg=01;35:*.m2v=01;35:*.mkv=01;35:*.webm=01;35:*.ogm=01;35:*.mp4=01;35:*.m4v=01;35:*.mp4v=01;35:*.vob=01;35:*.qt=01;35:*.nuv=01;35:*.wmv=01;35:*.asf=01;35:*.rm=01;35:*.rmvb=01;35:*.flc=01;35:*.avi=01;35:*.fli=01;35:*.flv=01;35:*.gl=01;35:*.dl=01;35:*.xcf=01;35:*.xwd=01;35:*.yuv=01;35:*.cgm=01;35:*.emf=01;35:*.axv=01;35:*.anx=01;35:*.ogv=01;35:*.ogx=01;35:*.aac=00;36:*.au=00;36:*.flac=00;36:*.m4a=00;36:*.mid=00;36:*.midi=00;36:*.mka=00;36:*.mp3=00;36:*.mpc=00;36:*.ogg=00;36:*.ra=00;36:*.wav=00;36:*.axa=00;36:*.oga=00;36:*.spx=00;36:*.xspf=00;36:', 'XDG_SEAT': 'seat0'}]
[roslaunch][INFO] 2017-04-16 11:30:51,036: process[rosout-1]: args[[u'/opt/ros/kinetic/lib/rosout/rosout', u'__name:=rosout']]
[roslaunch][INFO] 2017-04-16 11:30:51,036: ... created process [rosout-1]
[roslaunch.pmon][INFO] 2017-04-16 11:30:51,037: ProcessMonitor.register[rosout-1]
[roslaunch.pmon][INFO] 2017-04-16 11:30:51,037: ProcessMonitor.register[rosout-1] complete
[roslaunch][INFO] 2017-04-16 11:30:51,037: ... registered process [rosout-1]
[roslaunch][INFO] 2017-04-16 11:30:51,037: process[rosout-1]: starting os process
[roslaunch][INFO] 2017-04-16 11:30:51,037: process[rosout-1]: start w/ args [[u'/opt/ros/kinetic/lib/rosout/rosout', u'__name:=rosout', u'__log:=/home/machinekit/.ros/log/612db538-2287-11e7-a053-001f2900ec6f/rosout-1.log']]
[roslaunch][INFO] 2017-04-16 11:30:51,037: process[rosout-1]: cwd will be [/home/machinekit/.ros]
[roslaunch][INFO] 2017-04-16 11:30:51,061: process[rosout-1]: started with pid [5932]
[roslaunch][INFO] 2017-04-16 11:30:51,061: ... successfully launched [rosout-1]
[roslaunch][INFO] 2017-04-16 11:30:51,061: load_parameters starting ...
[roslaunch][INFO] 2017-04-16 11:30:51,066: ... load_parameters complete
[roslaunch][INFO] 2017-04-16 11:30:51,066: launch_nodes: launching local nodes ...
[roslaunch][INFO] 2017-04-16 11:30:51,067: ... preparing to launch node of type [moveit_setup_assistant/moveit_setup_assistant]
[roslaunch][INFO] 2017-04-16 11:30:51,067: create_node_process: package[moveit_setup_assistant] type[moveit_setup_assistant] machine[Machine(name[] env_loader[None] address[localhost] ssh_port[22] user[None] assignable[True] timeout[10.0])] master_uri[http://192.168.1.11:11311]
[roslaunch][INFO] 2017-04-16 11:30:51,067: process[moveit_setup_assistant-2]: env[{'WINDOWID': '60820286', 'GLADE_PIXMAP_PATH': ':', 'XDG_GREETER_DATA_DIR': '/var/lib/lightdm/data/machinekit', 'XDG_CURRENT_DESKTOP': 'XFCE', 'XDG_SEAT_PATH': '/org/freedesktop/DisplayManager/Seat0', 'ROSLISP_PACKAGE_DIRECTORIES': '/home/machinekit/catkin_ws/devel/share/common-lisp', 'LOGNAME': 'machinekit', 'USER': 'machinekit', 'HOME': '/home/machinekit', 'XDG_VTNR': '7', 'PATH': '/opt/ros/kinetic/bin:/home/machinekit/machinekit/bin:/home/machinekit/machinekit/libexec:/home/machinekit/machinekit/scripts:/home/machinekit/machinekit/tcl:/usr/local/bin:/usr/bin:/bin:/usr/local/games:/usr/games', 'CMAKE_PREFIX_PATH': '/home/machinekit/catkin_ws/devel:/opt/ros/kinetic', 'LD_LIBRARY_PATH': '/home/machinekit/catkin_ws/devel/lib:/opt/ros/kinetic/lib:/home/machinekit/machinekit/lib', 'SSH_AGENT_PID': '1072', 'LANG': 'en_US.utf8', 'GLADE_CATALOG_PATH': '/home/machinekit/machinekit/lib/python/gladevcp::', 'TERM': 'xterm', 'SHELL': '/bin/bash', 'XDG_SESSION_PATH': '/org/freedesktop/DisplayManager/Session0', 'XAUTHORITY': '/home/machinekit/.Xauthority', 'LANGUAGE': 'en_US:en', 'SESSION_MANAGER': 'local/xw6600:@/tmp/.ICE-unix/1086,unix/xw6600:/tmp/.ICE-unix/1086', 'SHLVL': '1', 'ROS_DISTRO': 'kinetic', 'RIP': 'yes', 'ROS_LOG_FILENAME': '/home/machinekit/.ros/log/612db538-2287-11e7-a053-001f2900ec6f/roslaunch-xw6600-5908.log', 'LINUXCNC_EMCSH': '/usr/bin/wish8.6', 'MANPATH': '/home/machinekit/machinekit/man:/home/machinekit/machinekit/man:/usr/local/man:/usr/local/share/man:/usr/share/man:/usr/man', 'TCLLIBPATH': '/home/machinekit/machinekit/tcl', 'GPG_AGENT_INFO': '/tmp/gpg-HJbolZ/S.gpg-agent:1093:1', 'EMC2_HOME': '/home/machinekit/machinekit', 'XDG_RUNTIME_DIR': '/run/user/1000', 'PYTHONPATH': '/home/machinekit/catkin_ws/devel/lib/python2.7/dist-packages:/opt/ros/kinetic/lib/python2.7/dist-packages:/home/machinekit/machinekit/lib/python', 'SSH_AUTH_SOCK': '/tmp/ssh-udX9nvIeraiB/agent.1046', 'ROS_ROOT': '/opt/ros/kinetic/share/ros', 'MACHINEKIT_INI': '/home/machinekit/machinekit/etc/linuxcnc/machinekit.ini', 'GLADE_MODULE_PATH': ':', 'PKG_CONFIG_PATH': '/home/machinekit/catkin_ws/devel/lib/pkgconfig:/opt/ros/kinetic/lib/pkgconfig', 'ROS_PACKAGE_PATH': '/home/machinekit/catkin_ws/src:/opt/ros/kinetic/share', 'XDG_SESSION_ID': '1', 'DBUS_SESSION_BUS_ADDRESS': 'unix:abstract=/tmp/dbus-nN708gO1bQ,guid=6bff369b33cd01502392256358f33139', '_': '/opt/ros/kinetic/bin/roslaunch', 'GDMSESSION': 'lightdm-xsession', 'DESKTOP_SESSION': 'lightdm-xsession', 'DISPLAY': ':0.0', 'XDG_CONFIG_DIRS': '/etc/xdg', 'OLDPWD': '/home/machinekit', 'ROS_IP': '192.168.1.11', 'XDG_DATA_DIRS': '/usr/share/xfce4:/usr/local/share/:/usr/share/:/usr/share', 'PWD': '/home/machinekit/catkin_ws/src/matilda_support', 'ROS_ETC_DIR': '/opt/ros/kinetic/etc/ros', 'ROS_MASTER_URI': 'http://192.168.1.11:11311', 'COLORTERM': 'xfce4-terminal', 'EMC2VERSION': '0.1', 'XDG_MENU_PREFIX': 'xfce-', 'LS_COLORS': 'rs=0:di=01;34:ln=01;36:mh=00:pi=40;33:so=01;35:do=01;35:bd=40;33;01:cd=40;33;01:or=40;31;01:su=37;41:sg=30;43:ca=30;41:tw=30;42:ow=34;42:st=37;44:ex=01;32:*.tar=01;31:*.tgz=01;31:*.arc=01;31:*.arj=01;31:*.taz=01;31:*.lha=01;31:*.lz4=01;31:*.lzh=01;31:*.lzma=01;31:*.tlz=01;31:*.txz=01;31:*.tzo=01;31:*.t7z=01;31:*.zip=01;31:*.z=01;31:*.Z=01;31:*.dz=01;31:*.gz=01;31:*.lrz=01;31:*.lz=01;31:*.lzo=01;31:*.xz=01;31:*.bz2=01;31:*.bz=01;31:*.tbz=01;31:*.tbz2=01;31:*.tz=01;31:*.deb=01;31:*.rpm=01;31:*.jar=01;31:*.war=01;31:*.ear=01;31:*.sar=01;31:*.rar=01;31:*.alz=01;31:*.ace=01;31:*.zoo=01;31:*.cpio=01;31:*.7z=01;31:*.rz=01;31:*.cab=01;31:*.jpg=01;35:*.jpeg=01;35:*.gif=01;35:*.bmp=01;35:*.pbm=01;35:*.pgm=01;35:*.ppm=01;35:*.tga=01;35:*.xbm=01;35:*.xpm=01;35:*.tif=01;35:*.tiff=01;35:*.png=01;35:*.svg=01;35:*.svgz=01;35:*.mng=01;35:*.pcx=01;35:*.mov=01;35:*.mpg=01;35:*.mpeg=01;35:*.m2v=01;35:*.mkv=01;35:*.webm=01;35:*.ogm=01;35:*.mp4=01;35:*.m4v=01;35:*.mp4v=01;35:*.vob=01;35:*.qt=01;35:*.nuv=01;35:*.wmv=01;35:*.asf=01;35:*.rm=01;35:*.rmvb=01;35:*.flc=01;35:*.avi=01;35:*.fli=01;35:*.flv=01;35:*.gl=01;35:*.dl=01;35:*.xcf=01;35:*.xwd=01;35:*.yuv=01;35:*.cgm=01;35:*.emf=01;35:*.axv=01;35:*.anx=01;35:*.ogv=01;35:*.ogx=01;35:*.aac=00;36:*.au=00;36:*.flac=00;36:*.m4a=00;36:*.mid=00;36:*.midi=00;36:*.mka=00;36:*.mp3=00;36:*.mpc=00;36:*.ogg=00;36:*.ra=00;36:*.wav=00;36:*.axa=00;36:*.oga=00;36:*.spx=00;36:*.xspf=00;36:', 'XDG_SEAT': 'seat0'}]
[roslaunch][INFO] 2017-04-16 11:30:51,070: process[moveit_setup_assistant-2]: args[[u'/opt/ros/kinetic/lib/moveit_setup_assistant/moveit_setup_assistant', u'__name:=moveit_setup_assistant']]
[roslaunch][INFO] 2017-04-16 11:30:51,070: ... created process [moveit_setup_assistant-2]
[roslaunch.pmon][INFO] 2017-04-16 11:30:51,070: ProcessMonitor.register[moveit_setup_assistant-2]
[roslaunch.pmon][INFO] 2017-04-16 11:30:51,071: ProcessMonitor.register[moveit_setup_assistant-2] complete
[roslaunch][INFO] 2017-04-16 11:30:51,071: ... registered process [moveit_setup_assistant-2]
[roslaunch][INFO] 2017-04-16 11:30:51,071: process[moveit_setup_assistant-2]: starting os process
[roslaunch][INFO] 2017-04-16 11:30:51,071: process[moveit_setup_assistant-2]: start w/ args [[u'/opt/ros/kinetic/lib/moveit_setup_assistant/moveit_setup_assistant', u'__name:=moveit_setup_assistant', u'__log:=/home/machinekit/.ros/log/612db538-2287-11e7-a053-001f2900ec6f/moveit_setup_assistant-2.log']]
[roslaunch][INFO] 2017-04-16 11:30:51,071: process[moveit_setup_assistant-2]: cwd will be [/home/machinekit/.ros]
[roslaunch][INFO] 2017-04-16 11:30:51,097: process[moveit_setup_assistant-2]: started with pid [5939]
[roslaunch][INFO] 2017-04-16 11:30:51,097: ... successfully launched [moveit_setup_assistant-2]
[roslaunch][INFO] 2017-04-16 11:30:51,097: ... launch_nodes complete
[roslaunch.pmon][INFO] 2017-04-16 11:30:51,098: registrations completed <ProcessMonitor(ProcessMonitor-1, started daemon 140665450809088)>
[roslaunch.parent][INFO] 2017-04-16 11:30:51,098: ... roslaunch parent running, waiting for process exit
[roslaunch][INFO] 2017-04-16 11:30:51,098: spin
[roslaunch][ERROR] 2017-04-16 11:30:51,714: ================================================================================REQUIRED process [moveit_setup_assistant-2] has died!
process has died [pid 5939, exit code -11, cmd /opt/ros/kinetic/lib/moveit_setup_assistant/moveit_setup_assistant __name:=moveit_setup_assistant __log:=/home/machinekit/.ros/log/612db538-2287-11e7-a053-001f2900ec6f/moveit_setup_assistant-2.log].
log file: /home/machinekit/.ros/log/612db538-2287-11e7-a053-001f2900ec6f/moveit_setup_assistant-2*.log
Initiating shutdown!
================================================================================
[roslaunch.pmon][INFO] 2017-04-16 11:30:51,815: ProcessMonitor._post_run <ProcessMonitor(ProcessMonitor-1, started daemon 140665450809088)>
[roslaunch.pmon][INFO] 2017-04-16 11:30:51,815: ProcessMonitor._post_run <ProcessMonitor(ProcessMonitor-1, started daemon 140665450809088)>: remaining procs are [<roslaunch.nodeprocess.LocalProcess object at 0x7fef3a7c6e10>, <roslaunch.nodeprocess.LocalProcess object at 0x7fef38b6b4d0>, <roslaunch.nodeprocess.LocalProcess object at 0x7fef38b6b390>]
[roslaunch.pmon][INFO] 2017-04-16 11:30:51,816: ProcessMonitor exit: killing moveit_setup_assistant-2
[roslaunch][INFO] 2017-04-16 11:30:51,817: [moveit_setup_assistant-2] killing on exit
[roslaunch.pmon][INFO] 2017-04-16 11:30:51,818: ProcessMonitor exit: killing rosout-1
[roslaunch][INFO] 2017-04-16 11:30:51,819: [rosout-1] killing on exit
[roslaunch][INFO] 2017-04-16 11:30:51,819: process[rosout-1]: killing os process with pid[5932] pgid[5932]
[roslaunch][INFO] 2017-04-16 11:30:51,819: [rosout-1] sending SIGINT to pgid [5932]
[roslaunch][INFO] 2017-04-16 11:30:51,819: [rosout-1] sent SIGINT to pgid [5932]
[roslaunch][INFO] 2017-04-16 11:30:52,020: process[rosout-1]: SIGINT killed with return value 0
[roslaunch.pmon][INFO] 2017-04-16 11:30:52,020: ProcessMonitor exit: killing master
[roslaunch][INFO] 2017-04-16 11:30:52,020: [master] killing on exit
[roslaunch][INFO] 2017-04-16 11:30:52,020: process[master]: killing os process with pid[5919] pgid[5919]
[roslaunch][INFO] 2017-04-16 11:30:52,020: [master] sending SIGINT to pgid [5919]
[roslaunch][INFO] 2017-04-16 11:30:52,020: [master] sent SIGINT to pgid [5919]
[roslaunch][INFO] 2017-04-16 11:30:52,221: process[master]: SIGINT killed with return value 0
[roslaunch.pmon][INFO] 2017-04-16 11:30:52,221: ProcessMonitor exit: cleaning up data structures and signals
[roslaunch.pmon][INFO] 2017-04-16 11:30:52,221: ProcessMonitor exit: pmon has shutdown
[roslaunch][INFO] 2017-04-16 11:30:52,299: process monitor is done spinning, initiating full shutdown
[roslaunch][INFO] 2017-04-16 11:30:52,300: runner.stop()
[roslaunch][INFO] 2017-04-16 11:30:52,300: shutting down processing monitor...
[roslaunch][INFO] 2017-04-16 11:30:52,300: shutting down processing monitor <ProcessMonitor(ProcessMonitor-1, stopped daemon 140665450809088)>
[roslaunch.pmon][INFO] 2017-04-16 11:30:52,300: ProcessMonitor.shutdown <ProcessMonitor(ProcessMonitor-1, stopped daemon 140665450809088)>
[roslaunch][INFO] 2017-04-16 11:30:52,300: ... shutting down processing monitor complete
[roslaunch][INFO] 2017-04-16 11:30:52,300: done
[roslaunch.pmon][INFO] 2017-04-16 11:30:52,300: ProcessMonitor.shutdown <ProcessMonitor(ProcessMonitor-1, stopped daemon 140665450809088)>
[rospy.core][INFO] 2017-04-16 11:30:52,301: signal_shutdown [atexit]
